<?xml version="1.0" encoding="UTF-8"?>
<!-- Generated by org.testng.reporters.JUnitXMLReporter -->
<testsuite ignored="0" hostname="DESKTOP-L7Q0V79" failures="0" tests="7" name="Default test" time="130.73" errors="0" timestamp="2021-11-05T18:17:53 IST">
  <testcase classname="loginforms.Homepagelinks" name="Getting_All_AnchorText_in_navbar" time="30.089"/>
  <testcase classname="loginforms.Homepagelinks" name="getiingBanksLinks" time="11.539"/>
  <testcase classname="loginforms.Homepagelinks" name="gettingAllManageLinks" time="16.504"/>
  <testcase classname="loginforms.Homepagelinks" name="getting_All_Portals_Links" time="6.806"/>
  <testcase classname="loginforms.Homepagelinks" name="getting_All_Qbanks_Links" time="2.258"/>
  <testcase classname="loginforms.Homepagelinks" name="getting_All_Test_Series_Links" time="2.266"/>
  <testcase classname="loginforms.Homepagelinks" name="getting_All_Videos_Links" time="2.301"/>
</testsuite> <!-- Default test -->
