<?xml version="1.0" encoding="UTF-8"?>
<testng-results ignored="0" total="7" passed="7" failed="0" skipped="0">
  <reporter-output>
  </reporter-output>
  <suite started-at="2021-11-05T18:15:42 IST" name="Default suite" finished-at="2021-11-05T18:17:53 IST" duration-ms="130730">
    <groups>
    </groups>
    <test started-at="2021-11-05T18:15:42 IST" name="Default test" finished-at="2021-11-05T18:17:53 IST" duration-ms="130730">
      <class name="loginforms.Homepagelinks">
        <test-method is-config="true" signature="building_browser()[pri:0, instance:loginforms.Homepagelinks@27ce24aa]" started-at="2021-11-05T18:15:42 IST" name="building_browser" finished-at="2021-11-05T18:15:48 IST" duration-ms="5829" status="PASS">
          <reporter-output>
          </reporter-output>
        </test-method> <!-- building_browser -->
        <test-method signature="Getting_All_AnchorText_in_navbar()[pri:0, instance:loginforms.Homepagelinks@27ce24aa]" started-at="2021-11-05T18:15:48 IST" name="Getting_All_AnchorText_in_navbar" finished-at="2021-11-05T18:16:18 IST" duration-ms="30089" status="PASS">
          <reporter-output>
          </reporter-output>
        </test-method> <!-- Getting_All_AnchorText_in_navbar -->
        <test-method is-config="true" signature="Log_out()[pri:0, instance:loginforms.Homepagelinks@27ce24aa]" started-at="2021-11-05T18:16:18 IST" name="Log_out" finished-at="2021-11-05T18:16:21 IST" duration-ms="2791" status="PASS">
          <reporter-output>
          </reporter-output>
        </test-method> <!-- Log_out -->
        <test-method is-config="true" signature="building_browser()[pri:0, instance:loginforms.Homepagelinks@27ce24aa]" started-at="2021-11-05T18:16:21 IST" name="building_browser" finished-at="2021-11-05T18:16:26 IST" duration-ms="4996" status="PASS">
          <reporter-output>
          </reporter-output>
        </test-method> <!-- building_browser -->
        <test-method signature="getiingBanksLinks()[pri:0, instance:loginforms.Homepagelinks@27ce24aa]" started-at="2021-11-05T18:16:26 IST" name="getiingBanksLinks" finished-at="2021-11-05T18:16:37 IST" duration-ms="11539" status="PASS">
          <reporter-output>
          </reporter-output>
        </test-method> <!-- getiingBanksLinks -->
        <test-method is-config="true" signature="Log_out()[pri:0, instance:loginforms.Homepagelinks@27ce24aa]" started-at="2021-11-05T18:16:37 IST" name="Log_out" finished-at="2021-11-05T18:16:40 IST" duration-ms="2647" status="PASS">
          <reporter-output>
          </reporter-output>
        </test-method> <!-- Log_out -->
        <test-method is-config="true" signature="building_browser()[pri:0, instance:loginforms.Homepagelinks@27ce24aa]" started-at="2021-11-05T18:16:40 IST" name="building_browser" finished-at="2021-11-05T18:16:45 IST" duration-ms="4837" status="PASS">
          <reporter-output>
          </reporter-output>
        </test-method> <!-- building_browser -->
        <test-method signature="gettingAllManageLinks()[pri:0, instance:loginforms.Homepagelinks@27ce24aa]" started-at="2021-11-05T18:16:45 IST" name="gettingAllManageLinks" finished-at="2021-11-05T18:17:01 IST" duration-ms="16504" status="PASS">
          <reporter-output>
          </reporter-output>
        </test-method> <!-- gettingAllManageLinks -->
        <test-method is-config="true" signature="Log_out()[pri:0, instance:loginforms.Homepagelinks@27ce24aa]" started-at="2021-11-05T18:17:01 IST" name="Log_out" finished-at="2021-11-05T18:17:04 IST" duration-ms="2602" status="PASS">
          <reporter-output>
          </reporter-output>
        </test-method> <!-- Log_out -->
        <test-method is-config="true" signature="building_browser()[pri:0, instance:loginforms.Homepagelinks@27ce24aa]" started-at="2021-11-05T18:17:04 IST" name="building_browser" finished-at="2021-11-05T18:17:09 IST" duration-ms="4935" status="PASS">
          <reporter-output>
          </reporter-output>
        </test-method> <!-- building_browser -->
        <test-method signature="getting_All_Portals_Links()[pri:0, instance:loginforms.Homepagelinks@27ce24aa]" started-at="2021-11-05T18:17:09 IST" name="getting_All_Portals_Links" finished-at="2021-11-05T18:17:16 IST" duration-ms="6806" status="PASS">
          <reporter-output>
          </reporter-output>
        </test-method> <!-- getting_All_Portals_Links -->
        <test-method is-config="true" signature="Log_out()[pri:0, instance:loginforms.Homepagelinks@27ce24aa]" started-at="2021-11-05T18:17:16 IST" name="Log_out" finished-at="2021-11-05T18:17:18 IST" duration-ms="2655" status="PASS">
          <reporter-output>
          </reporter-output>
        </test-method> <!-- Log_out -->
        <test-method is-config="true" signature="building_browser()[pri:0, instance:loginforms.Homepagelinks@27ce24aa]" started-at="2021-11-05T18:17:18 IST" name="building_browser" finished-at="2021-11-05T18:17:23 IST" duration-ms="5186" status="PASS">
          <reporter-output>
          </reporter-output>
        </test-method> <!-- building_browser -->
        <test-method signature="getting_All_Qbanks_Links()[pri:0, instance:loginforms.Homepagelinks@27ce24aa]" started-at="2021-11-05T18:17:23 IST" name="getting_All_Qbanks_Links" finished-at="2021-11-05T18:17:26 IST" duration-ms="2258" status="PASS">
          <reporter-output>
          </reporter-output>
        </test-method> <!-- getting_All_Qbanks_Links -->
        <test-method is-config="true" signature="Log_out()[pri:0, instance:loginforms.Homepagelinks@27ce24aa]" started-at="2021-11-05T18:17:26 IST" name="Log_out" finished-at="2021-11-05T18:17:28 IST" duration-ms="2651" status="PASS">
          <reporter-output>
          </reporter-output>
        </test-method> <!-- Log_out -->
        <test-method is-config="true" signature="building_browser()[pri:0, instance:loginforms.Homepagelinks@27ce24aa]" started-at="2021-11-05T18:17:28 IST" name="building_browser" finished-at="2021-11-05T18:17:33 IST" duration-ms="4997" status="PASS">
          <reporter-output>
          </reporter-output>
        </test-method> <!-- building_browser -->
        <test-method signature="getting_All_Test_Series_Links()[pri:0, instance:loginforms.Homepagelinks@27ce24aa]" started-at="2021-11-05T18:17:33 IST" name="getting_All_Test_Series_Links" finished-at="2021-11-05T18:17:36 IST" duration-ms="2266" status="PASS">
          <reporter-output>
          </reporter-output>
        </test-method> <!-- getting_All_Test_Series_Links -->
        <test-method is-config="true" signature="Log_out()[pri:0, instance:loginforms.Homepagelinks@27ce24aa]" started-at="2021-11-05T18:17:36 IST" name="Log_out" finished-at="2021-11-05T18:17:38 IST" duration-ms="2647" status="PASS">
          <reporter-output>
          </reporter-output>
        </test-method> <!-- Log_out -->
        <test-method is-config="true" signature="building_browser()[pri:0, instance:loginforms.Homepagelinks@27ce24aa]" started-at="2021-11-05T18:17:38 IST" name="building_browser" finished-at="2021-11-05T18:17:44 IST" duration-ms="5528" status="PASS">
          <reporter-output>
          </reporter-output>
        </test-method> <!-- building_browser -->
        <test-method signature="getting_All_Videos_Links()[pri:0, instance:loginforms.Homepagelinks@27ce24aa]" started-at="2021-11-05T18:17:44 IST" name="getting_All_Videos_Links" finished-at="2021-11-05T18:17:46 IST" duration-ms="2301" status="PASS">
          <reporter-output>
          </reporter-output>
        </test-method> <!-- getting_All_Videos_Links -->
        <test-method is-config="true" signature="Log_out()[pri:0, instance:loginforms.Homepagelinks@27ce24aa]" started-at="2021-11-05T18:17:46 IST" name="Log_out" finished-at="2021-11-05T18:17:53 IST" duration-ms="6619" status="PASS">
          <reporter-output>
          </reporter-output>
        </test-method> <!-- Log_out -->
      </class> <!-- loginforms.Homepagelinks -->
    </test> <!-- Default test -->
  </suite> <!-- Default suite -->
</testng-results>
