<?xml version="1.0" encoding="UTF-8"?>
<testng-results ignored="0" total="1" passed="1" failed="0" skipped="0">
  <reporter-output>
  </reporter-output>
  <suite started-at="2021-11-02T15:01:57 IST" name="Default suite" finished-at="2021-11-02T15:02:34 IST" duration-ms="36937">
    <groups>
    </groups>
    <test started-at="2021-11-02T15:01:57 IST" name="Default test" finished-at="2021-11-02T15:02:34 IST" duration-ms="36937">
      <class name="loginforms.HomePage">
        <test-method is-config="true" signature="building_browser()[pri:0, instance:loginforms.HomePage@15c43bd9]" started-at="2021-11-02T15:01:57 IST" name="building_browser" finished-at="2021-11-02T15:02:03 IST" duration-ms="5955" status="PASS">
          <reporter-output>
          </reporter-output>
        </test-method> <!-- building_browser -->
        <test-method signature="Getting_All_AnchorText_in_navbar()[pri:0, instance:loginforms.HomePage@15c43bd9]" started-at="2021-11-02T15:02:03 IST" name="Getting_All_AnchorText_in_navbar" finished-at="2021-11-02T15:02:34 IST" duration-ms="30934" status="PASS">
          <reporter-output>
          </reporter-output>
        </test-method> <!-- Getting_All_AnchorText_in_navbar -->
      </class> <!-- loginforms.HomePage -->
    </test> <!-- Default test -->
  </suite> <!-- Default suite -->
</testng-results>
